<?xml version="1.0" encoding="UTF-8"?>
<!-- Generated by org.testng.reporters.JUnitXMLReporter -->
<testsuite hostname="LAPTOP-OIQQGHKO" ignored="2" name="Sample for Package Testing" tests="26" failures="4" timestamp="2022-09-17T02:48:34 IST" time="0.075" errors="0">
  <testcase name="hardAssert" time="0.003" classname="com.testing.training.assertion">
    <failure type="java.lang.AssertionError" message="expected [true] but found [false]">
      <![CDATA[java.lang.AssertionError: expected [true] but found [false]
at com.testing.training.assertion.hardAssert(assertion.java:20)
at java.util.ArrayList.forEach(ArrayList.java:1259)
... Removed 31 stack frames]]>
    </failure>
  </testcase> <!-- hardAssert -->
  <testcase name="hardassert" time="0.001" classname="com.testing.training.assertion"/>
  <testcase name="softassert" time="0.001" classname="com.testing.training.assertion"/>
  <testcase name="start" time="0.0" classname="com.testing.training.Multitestdependancy"/>
  <testcase name="process" time="0.0" classname="com.testing.training.Multitestdependancy"/>
  <testcase name="init" time="0.001" classname="com.testing.training.Multitestdependancy">
    <failure type="java.lang.AssertionError" message="expected [true] but found [false]">
      <![CDATA[java.lang.AssertionError: expected [true] but found [false]
at com.testing.training.Multitestdependancy.init(Multitestdependancy.java:20)
at java.util.ArrayList.forEach(ArrayList.java:1259)
... Removed 31 stack frames]]>
    </failure>
  </testcase> <!-- init -->
  <testcase name="stop" time="0.0" classname="com.testing.training.Multitestdependancy">
    <skipped/>
  </testcase> <!-- stop -->
  <testcase name="testcaseone" time="0.0" classname="com.testing.training.Parameterxml">
    <failure type="org.testng.TestNGException" message="
Parameter &amp;apos;browser&amp;apos; is required by @Test on method testcaseone but has not been marked @Optional or defined
in C:\Users\Tathagata\workspace\MyTestNGProject\testng.xml">
      <![CDATA[org.testng.TestNGException: 
Parameter 'browser' is required by @Test on method testcaseone but has not been marked @Optional or defined
in C:\Users\Tathagata\workspace\MyTestNGProject\testng.xml
at java.util.ArrayList.forEach(ArrayList.java:1259)
... Removed 26 stack frames]]>
    </failure>
  </testcase> <!-- testcaseone -->
  <testcase name="testcasetwo" time="0.0" classname="com.testing.training.Parameterxml">
    <failure type="org.testng.TestNGException" message="
Parameter &amp;apos;username&amp;apos; is required by @Test on method testcasetwo but has not been marked @Optional or defined
in C:\Users\Tathagata\workspace\MyTestNGProject\testng.xml">
      <![CDATA[org.testng.TestNGException: 
Parameter 'username' is required by @Test on method testcasetwo but has not been marked @Optional or defined
in C:\Users\Tathagata\workspace\MyTestNGProject\testng.xml
at java.util.ArrayList.forEach(ArrayList.java:1259)
... Removed 26 stack frames]]>
    </failure>
  </testcase> <!-- testcasetwo -->
  <testcase name="testone" time="0.001" classname="com.testing.training.priorityexample"/>
  <testcase name="testtwo" time="0.0" classname="com.testing.training.priorityexample"/>
  <testcase name="testthree" time="0.001" classname="com.testing.training.priorityexample"/>
  <testcase name="testfour" time="0.0" classname="com.testing.training.priorityexample"/>
  <testcase name="nottest" time="0.001" classname="com.testing.training.Sampletest"/>
  <testcase name="test" time="0.003" classname="com.testing.training.Sampletest"/>
  <testcase name="nottest" time="0.004" classname="com.testing.training.Sampletesttwo"/>
  <testcase name="test" time="0.001" classname="com.testing.training.Sampletesttwo"/>
  <testcase name="testone" time="0.001" classname="com.testing.training.skippingexample"/>
  <testcase name="testfour" time="0.001" classname="com.testing.training.skippingexample">
    <skipped/>
  </testcase> <!-- testfour -->
  <testcase name="testthree" time="0.001" classname="com.testing.training.skippingexample"/>
  <testcase name="test1" time="0.001" classname="com.testing.training.testcase1"/>
  <testcase name="test2" time="0.002" classname="com.testing.training.testcase2"/>
  <testcase name="testcasefour" time="0.0" classname="com.testing.training.Testgrouping"/>
  <testcase name="testcaseone" time="0.001" classname="com.testing.training.Testgrouping"/>
  <testcase name="testcasethree" time="0.001" classname="com.testing.training.Testgrouping"/>
  <testcase name="testcasetwo" time="0.0" classname="com.testing.training.Testgrouping"/>
  <testcase name="testtwo" time="0.0" classname="com.testing.training.skippingexample">
    <ignored/>
  </testcase> <!-- testtwo -->
  <testcase name="failtestcase" time="0.0" classname="com.testing.training.Sampletest">
    <ignored/>
  </testcase> <!-- failtestcase -->
</testsuite> <!-- Sample for Package Testing -->
