<?xml version="1.0" encoding="UTF-8"?>
<!-- Generated by org.testng.reporters.JUnitXMLReporter -->
<testsuite hostname="LAPTOP-OIQQGHKO" ignored="0" name="CelarTrip Test" tests="3" failures="0" timestamp="2021-10-01T16:44:29 IST" time="0.08" errors="0">
  <testcase name="@BeforeSuite setup" time="4.321" classname="com.selenium.liveautomation.verify">
    <failure type="org.openqa.selenium.SessionNotCreatedException" message="session not created: This version of ChromeDriver only supports Chrome version 91
Current browser version is 94.0.4606.61 with binary path C:\Program Files (x86)\Google\Chrome\Application\chrome.exe
Build info: version: &amp;apos;3.141.59&amp;apos;, revision: &amp;apos;e82be7d358&amp;apos;, time: &amp;apos;2018-11-14T08:25:48&amp;apos;
System info: host: &amp;apos;LAPTOP-OIQQGHKO&amp;apos;, ip: &amp;apos;192.168.0.5&amp;apos;, os.name: &amp;apos;Windows 10&amp;apos;, os.arch: &amp;apos;amd64&amp;apos;, os.version: &amp;apos;10.0&amp;apos;, java.version: &amp;apos;1.8.0_291&amp;apos;
Driver info: driver.version: ChromeDriver
remote stacktrace: Backtrace:
	Ordinal0 [0x00B33733+2504499]
	Ordinal0 [0x00ACC401+2081793]
	Ordinal0 [0x009D2628+1058344]
	Ordinal0 [0x009F071A+1181466]
	Ordinal0 [0x009EC58C+1164684]
	Ordinal0 [0x009E9DC3+1154499]
	Ordinal0 [0x00A19B82+1350530]
	Ordinal0 [0x00A197DA+1349594]
	Ordinal0 [0x00A15D4B+1334603]
	Ordinal0 [0x009F22B4+1188532]
	Ordinal0 [0x009F3149+1192265]
	GetHandleVerifier [0x00CAFB8C+1512252]
	GetHandleVerifier [0x00D5B0DF+2214031]
	GetHandleVerifier [0x00BB4BC3+484211]
	GetHandleVerifier [0x00BB3E69+480793]
	Ordinal0 [0x00AD218D+2105741]
	Ordinal0 [0x00AD66E8+2123496]
	Ordinal0 [0x00AD6827+2123815]
	Ordinal0 [0x00ADFB73+2161523]
	BaseThreadInitThunk [0x74FFFA29+25]
	RtlGetAppContainerNamedObjectPath [0x77197A9E+286]
	RtlGetAppContainerNamedObjectPath [0x77197A6E+238]
">
      <![CDATA[org.openqa.selenium.SessionNotCreatedException: session not created: This version of ChromeDriver only supports Chrome version 91
Current browser version is 94.0.4606.61 with binary path C:\Program Files (x86)\Google\Chrome\Application\chrome.exe
Build info: version: '3.141.59', revision: 'e82be7d358', time: '2018-11-14T08:25:48'
System info: host: 'LAPTOP-OIQQGHKO', ip: '192.168.0.5', os.name: 'Windows 10', os.arch: 'amd64', os.version: '10.0', java.version: '1.8.0_291'
Driver info: driver.version: ChromeDriver
remote stacktrace: Backtrace:
Ordinal0 [0x00B33733+2504499]
Ordinal0 [0x00ACC401+2081793]
Ordinal0 [0x009D2628+1058344]
Ordinal0 [0x009F071A+1181466]
Ordinal0 [0x009EC58C+1164684]
Ordinal0 [0x009E9DC3+1154499]
Ordinal0 [0x00A19B82+1350530]
Ordinal0 [0x00A197DA+1349594]
Ordinal0 [0x00A15D4B+1334603]
Ordinal0 [0x009F22B4+1188532]
Ordinal0 [0x009F3149+1192265]
GetHandleVerifier [0x00CAFB8C+1512252]
GetHandleVerifier [0x00D5B0DF+2214031]
GetHandleVerifier [0x00BB4BC3+484211]
GetHandleVerifier [0x00BB3E69+480793]
Ordinal0 [0x00AD218D+2105741]
Ordinal0 [0x00AD66E8+2123496]
Ordinal0 [0x00AD6827+2123815]
Ordinal0 [0x00ADFB73+2161523]
BaseThreadInitThunk [0x74FFFA29+25]
RtlGetAppContainerNamedObjectPath [0x77197A9E+286]
RtlGetAppContainerNamedObjectPath [0x77197A6E+238]

at org.openqa.selenium.remote.W3CHandshakeResponse.lambda$errorHandler$0(W3CHandshakeResponse.java:62)
at org.openqa.selenium.remote.HandshakeResponse.lambda$getResponseFunction$0(HandshakeResponse.java:30)
at org.openqa.selenium.remote.ProtocolHandshake.lambda$createSession$0(ProtocolHandshake.java:126)
at java.util.stream.ReferencePipeline$3$1.accept(ReferencePipeline.java:193)
at java.util.Spliterators$ArraySpliterator.tryAdvance(Spliterators.java:958)
at java.util.stream.ReferencePipeline.forEachWithCancel(ReferencePipeline.java:126)
at java.util.stream.AbstractPipeline.copyIntoWithCancel(AbstractPipeline.java:499)
at java.util.stream.AbstractPipeline.copyInto(AbstractPipeline.java:486)
at java.util.stream.AbstractPipeline.wrapAndCopyInto(AbstractPipeline.java:472)
at java.util.stream.FindOps$FindOp.evaluateSequential(FindOps.java:152)
at java.util.stream.AbstractPipeline.evaluate(AbstractPipeline.java:234)
at java.util.stream.ReferencePipeline.findFirst(ReferencePipeline.java:464)
at org.openqa.selenium.remote.ProtocolHandshake.createSession(ProtocolHandshake.java:128)
at org.openqa.selenium.remote.ProtocolHandshake.createSession(ProtocolHandshake.java:74)
at org.openqa.selenium.remote.HttpCommandExecutor.execute(HttpCommandExecutor.java:136)
at org.openqa.selenium.remote.service.DriverCommandExecutor.execute(DriverCommandExecutor.java:83)
at org.openqa.selenium.remote.RemoteWebDriver.execute(RemoteWebDriver.java:552)
at org.openqa.selenium.remote.RemoteWebDriver.startSession(RemoteWebDriver.java:213)
at org.openqa.selenium.remote.RemoteWebDriver.<init>(RemoteWebDriver.java:131)
at org.openqa.selenium.chrome.ChromeDriver.<init>(ChromeDriver.java:181)
at org.openqa.selenium.chrome.ChromeDriver.<init>(ChromeDriver.java:168)
at org.openqa.selenium.chrome.ChromeDriver.<init>(ChromeDriver.java:123)
at com.selenium.liveautomation.verify.setup(verify.java:25)
... Removed 23 stack frames]]>
    </failure>
  </testcase> <!-- @BeforeSuite setup -->
  <testcase name="loginRediff" time="0.0" classname="com.selenium.liveautomation.verify">
    <skipped/>
  </testcase> <!-- loginRediff -->
  <testcase name="verification" time="0.0" classname="com.selenium.liveautomation.verify">
    <skipped/>
  </testcase> <!-- verification -->
  <testcase name="testdelete" time="0.0" classname="com.selenium.liveautomation.verify">
    <skipped/>
  </testcase> <!-- testdelete -->
</testsuite> <!-- CelarTrip Test -->
