<?xml version="1.0" encoding="UTF-8"?>
<!-- Generated by org.testng.reporters.JUnitReportReporter -->
<testsuite skipped="3" hostname="LAPTOP-OIQQGHKO" name="com.selenium.liveautomation.verify" tests="4" failures="0" timestamp="2021-11-23T15:21:43 IST" time="9.122" errors="1">
  <testcase name="setup" time="9.122" classname="com.selenium.liveautomation.verify">
    <error type="org.openqa.selenium.SessionNotCreatedException" message="session not created: This version of ChromeDriver only supports Chrome version 91
Current browser version is 96.0.4664.45 with binary path C:\Program Files (x86)\Google\Chrome\Application\chrome.exe
Build info: version: &#039;3.141.59&#039;, revision: &#039;e82be7d358&#039;, time: &#039;2018-11-14T08:25:48&#039;
System info: host: &#039;LAPTOP-OIQQGHKO&#039;, ip: &#039;192.168.0.7&#039;, os.name: &#039;Windows 10&#039;, os.arch: &#039;amd64&#039;, os.version: &#039;10.0&#039;, java.version: &#039;1.8.0_291&#039;
Driver info: driver.version: ChromeDriver
remote stacktrace: Backtrace:
	Ordinal0 [0x007F3733+2504499]
	Ordinal0 [0x0078C401+2081793]
	Ordinal0 [0x00692628+1058344]
	Ordinal0 [0x006B071A+1181466]
	Ordinal0 [0x006AC58C+1164684]
	Ordinal0 [0x006A9DC3+1154499]
	Ordinal0 [0x006D9B82+1350530]
	Ordinal0 [0x006D97DA+1349594]
	Ordinal0 [0x006D5D4B+1334603]
	Ordinal0 [0x006B22B4+1188532]
	Ordinal0 [0x006B3149+1192265]
	GetHandleVerifier [0x0096FB8C+1512252]
	GetHandleVerifier [0x00A1B0DF+2214031]
	GetHandleVerifier [0x00874BC3+484211]
	GetHandleVerifier [0x00873E69+480793]
	Ordinal0 [0x0079218D+2105741]
	Ordinal0 [0x007966E8+2123496]
	Ordinal0 [0x00796827+2123815]
	Ordinal0 [0x0079FB73+2161523]
	BaseThreadInitThunk [0x7770FA29+25]
	RtlGetAppContainerNamedObjectPath [0x77E97A9E+286]
	RtlGetAppContainerNamedObjectPath [0x77E97A6E+238]
">
      <![CDATA[org.openqa.selenium.SessionNotCreatedException: session not created: This version of ChromeDriver only supports Chrome version 91
Current browser version is 96.0.4664.45 with binary path C:\Program Files (x86)\Google\Chrome\Application\chrome.exe
Build info: version: '3.141.59', revision: 'e82be7d358', time: '2018-11-14T08:25:48'
System info: host: 'LAPTOP-OIQQGHKO', ip: '192.168.0.7', os.name: 'Windows 10', os.arch: 'amd64', os.version: '10.0', java.version: '1.8.0_291'
Driver info: driver.version: ChromeDriver
remote stacktrace: Backtrace:
Ordinal0 [0x007F3733+2504499]
Ordinal0 [0x0078C401+2081793]
Ordinal0 [0x00692628+1058344]
Ordinal0 [0x006B071A+1181466]
Ordinal0 [0x006AC58C+1164684]
Ordinal0 [0x006A9DC3+1154499]
Ordinal0 [0x006D9B82+1350530]
Ordinal0 [0x006D97DA+1349594]
Ordinal0 [0x006D5D4B+1334603]
Ordinal0 [0x006B22B4+1188532]
Ordinal0 [0x006B3149+1192265]
GetHandleVerifier [0x0096FB8C+1512252]
GetHandleVerifier [0x00A1B0DF+2214031]
GetHandleVerifier [0x00874BC3+484211]
GetHandleVerifier [0x00873E69+480793]
Ordinal0 [0x0079218D+2105741]
Ordinal0 [0x007966E8+2123496]
Ordinal0 [0x00796827+2123815]
Ordinal0 [0x0079FB73+2161523]
BaseThreadInitThunk [0x7770FA29+25]
RtlGetAppContainerNamedObjectPath [0x77E97A9E+286]
RtlGetAppContainerNamedObjectPath [0x77E97A6E+238]

at sun.reflect.NativeConstructorAccessorImpl.newInstance0(Native Method)
at sun.reflect.NativeConstructorAccessorImpl.newInstance(NativeConstructorAccessorImpl.java:62)
at sun.reflect.DelegatingConstructorAccessorImpl.newInstance(DelegatingConstructorAccessorImpl.java:45)
at java.lang.reflect.Constructor.newInstance(Constructor.java:423)
at org.openqa.selenium.remote.W3CHandshakeResponse.lambda$errorHandler$0(W3CHandshakeResponse.java:62)
at org.openqa.selenium.remote.HandshakeResponse.lambda$getResponseFunction$0(HandshakeResponse.java:30)
at org.openqa.selenium.remote.ProtocolHandshake.lambda$createSession$0(ProtocolHandshake.java:126)
at java.util.stream.ReferencePipeline$3$1.accept(ReferencePipeline.java:193)
at java.util.Spliterators$ArraySpliterator.tryAdvance(Spliterators.java:958)
at java.util.stream.ReferencePipeline.forEachWithCancel(ReferencePipeline.java:126)
at java.util.stream.AbstractPipeline.copyIntoWithCancel(AbstractPipeline.java:499)
at java.util.stream.AbstractPipeline.copyInto(AbstractPipeline.java:486)
at java.util.stream.AbstractPipeline.wrapAndCopyInto(AbstractPipeline.java:472)
at java.util.stream.FindOps$FindOp.evaluateSequential(FindOps.java:152)
at java.util.stream.AbstractPipeline.evaluate(AbstractPipeline.java:234)
at java.util.stream.ReferencePipeline.findFirst(ReferencePipeline.java:464)
at org.openqa.selenium.remote.ProtocolHandshake.createSession(ProtocolHandshake.java:128)
at org.openqa.selenium.remote.ProtocolHandshake.createSession(ProtocolHandshake.java:74)
at org.openqa.selenium.remote.HttpCommandExecutor.execute(HttpCommandExecutor.java:136)
at org.openqa.selenium.remote.service.DriverCommandExecutor.execute(DriverCommandExecutor.java:83)
at org.openqa.selenium.remote.RemoteWebDriver.execute(RemoteWebDriver.java:552)
at org.openqa.selenium.remote.RemoteWebDriver.startSession(RemoteWebDriver.java:213)
at org.openqa.selenium.remote.RemoteWebDriver.<init>(RemoteWebDriver.java:131)
at org.openqa.selenium.chrome.ChromeDriver.<init>(ChromeDriver.java:181)
at org.openqa.selenium.chrome.ChromeDriver.<init>(ChromeDriver.java:168)
at org.openqa.selenium.chrome.ChromeDriver.<init>(ChromeDriver.java:123)
at com.selenium.liveautomation.verify.setup(verify.java:25)
at sun.reflect.NativeMethodAccessorImpl.invoke0(Native Method)
at sun.reflect.NativeMethodAccessorImpl.invoke(NativeMethodAccessorImpl.java:62)
at sun.reflect.DelegatingMethodAccessorImpl.invoke(DelegatingMethodAccessorImpl.java:43)
at java.lang.reflect.Method.invoke(Method.java:498)
at org.testng.internal.MethodInvocationHelper.invokeMethod(MethodInvocationHelper.java:133)
at org.testng.internal.MethodInvocationHelper.invokeMethodConsideringTimeout(MethodInvocationHelper.java:62)
at org.testng.internal.ConfigInvoker.invokeConfigurationMethod(ConfigInvoker.java:385)
at org.testng.internal.ConfigInvoker.invokeConfigurations(ConfigInvoker.java:321)
at org.testng.SuiteRunner.privateRun(SuiteRunner.java:317)
at org.testng.SuiteRunner.run(SuiteRunner.java:276)
at org.testng.SuiteRunnerWorker.runSuite(SuiteRunnerWorker.java:53)
at org.testng.SuiteRunnerWorker.run(SuiteRunnerWorker.java:96)
at org.testng.TestNG.runSuitesSequentially(TestNG.java:1212)
at org.testng.TestNG.runSuitesLocally(TestNG.java:1134)
at org.testng.TestNG.runSuites(TestNG.java:1063)
at org.testng.TestNG.run(TestNG.java:1031)
at org.testng.remote.AbstractRemoteTestNG.run(AbstractRemoteTestNG.java:115)
at org.testng.remote.RemoteTestNG.initAndRun(RemoteTestNG.java:251)
at org.testng.remote.RemoteTestNG.main(RemoteTestNG.java:77)
]]>
    </error>
  </testcase> <!-- setup -->
  <system-out/>
  <testcase name="loginRediff" time="0.000" classname="com.selenium.liveautomation.verify">
    <skipped/>
  </testcase> <!-- loginRediff -->
  <system-out/>
  <testcase name="verification" time="0.000" classname="com.selenium.liveautomation.verify">
    <skipped/>
  </testcase> <!-- verification -->
  <system-out/>
  <testcase name="testdelete" time="0.000" classname="com.selenium.liveautomation.verify">
    <skipped/>
  </testcase> <!-- testdelete -->
  <system-out/>
</testsuite> <!-- com.selenium.liveautomation.verify -->
